2025-07-17 15:19:48,241 | INFO | Start Textract processing for: vplow.pdf
2025-07-17 15:19:48,347 | INFO | Found credentials in shared credentials file: ~/.aws/credentials
2025-07-17 15:19:48,611 | INFO | Uploading vplow.pdf to S3 bucket vpbank-documents at key uploads/vplow.pdf
2025-07-17 15:19:51,940 | INFO | Upload complete.
2025-07-17 15:19:53,511 | INFO | Textract job started. JobId: b4a2479538e486d1137d465e3788155c496fe6ba636927af0a645c661b683a1b
2025-07-17 15:19:53,511 | INFO | Waiting for Textract job to complete...
2025-07-17 15:19:53,787 | INFO | Job status: IN_PROGRESS. Sleeping 5s...
2025-07-17 15:19:59,078 | INFO | Job status: IN_PROGRESS. Sleeping 5s...
2025-07-17 15:20:04,361 | INFO | Job status: IN_PROGRESS. Sleeping 5s...
2025-07-17 15:20:09,647 | INFO | Job status: IN_PROGRESS. Sleeping 5s...
2025-07-17 15:20:14,923 | INFO | Job status: IN_PROGRESS. Sleeping 5s...
2025-07-17 15:20:20,262 | INFO | Job status: IN_PROGRESS. Sleeping 5s...
2025-07-17 15:20:25,540 | INFO | Job status: IN_PROGRESS. Sleeping 5s...
2025-07-17 15:20:30,815 | INFO | Job status: IN_PROGRESS. Sleeping 5s...
2025-07-17 15:20:36,092 | INFO | Job status: IN_PROGRESS. Sleeping 5s...
2025-07-17 15:20:42,426 | INFO | Job status: IN_PROGRESS. Sleeping 5s...
2025-07-17 15:20:47,686 | INFO | Job status: IN_PROGRESS. Sleeping 5s...
2025-07-17 15:20:52,947 | INFO | Job status: IN_PROGRESS. Sleeping 5s...
2025-07-17 15:20:58,207 | INFO | Job status: IN_PROGRESS. Sleeping 5s...
2025-07-17 15:21:03,469 | INFO | Job status: IN_PROGRESS. Sleeping 5s...
2025-07-17 15:21:08,731 | INFO | Job status: IN_PROGRESS. Sleeping 5s...
2025-07-17 15:21:13,991 | INFO | Job status: IN_PROGRESS. Sleeping 5s...
2025-07-17 15:21:19,255 | INFO | Job status: IN_PROGRESS. Sleeping 5s...
2025-07-17 15:21:24,612 | INFO | Job status: IN_PROGRESS. Sleeping 5s...
2025-07-17 15:21:29,873 | INFO | Job status: IN_PROGRESS. Sleeping 5s...
2025-07-17 15:21:36,353 | INFO | Job status: IN_PROGRESS. Sleeping 5s...
2025-07-17 15:21:41,651 | INFO | Job status: IN_PROGRESS. Sleeping 5s...
2025-07-17 15:21:46,947 | INFO | Job status: IN_PROGRESS. Sleeping 5s...
2025-07-17 15:21:52,244 | INFO | Job status: IN_PROGRESS. Sleeping 5s...
2025-07-17 15:21:57,555 | INFO | Job status: IN_PROGRESS. Sleeping 5s...
2025-07-17 15:22:02,866 | INFO | Job status: IN_PROGRESS. Sleeping 5s...
2025-07-17 15:22:08,165 | INFO | Job status: IN_PROGRESS. Sleeping 5s...
2025-07-17 15:22:13,465 | INFO | Job status: IN_PROGRESS. Sleeping 5s...
2025-07-17 15:22:18,764 | INFO | Job status: IN_PROGRESS. Sleeping 5s...
2025-07-17 15:22:24,061 | INFO | Job status: IN_PROGRESS. Sleeping 5s...
2025-07-17 15:22:30,443 | INFO | Job status: IN_PROGRESS. Sleeping 5s...
2025-07-17 15:22:35,727 | INFO | Job status: IN_PROGRESS. Sleeping 5s...
2025-07-17 15:22:41,010 | INFO | Job status: IN_PROGRESS. Sleeping 5s...
2025-07-17 15:22:46,293 | INFO | Job status: IN_PROGRESS. Sleeping 5s...
2025-07-17 15:22:51,574 | INFO | Job status: IN_PROGRESS. Sleeping 5s...
2025-07-17 15:22:56,856 | INFO | Job status: IN_PROGRESS. Sleeping 5s...
2025-07-17 15:23:02,143 | INFO | Job status: IN_PROGRESS. Sleeping 5s...
2025-07-17 15:23:07,435 | INFO | Job status: IN_PROGRESS. Sleeping 5s...
2025-07-17 15:23:12,715 | INFO | Job status: IN_PROGRESS. Sleeping 5s...
2025-07-17 15:23:17,998 | INFO | Job status: IN_PROGRESS. Sleeping 5s...
2025-07-17 15:23:24,317 | INFO | Job status: IN_PROGRESS. Sleeping 5s...
2025-07-17 15:23:29,591 | INFO | Job status: IN_PROGRESS. Sleeping 5s...
2025-07-17 15:23:34,860 | INFO | Job status: IN_PROGRESS. Sleeping 5s...
2025-07-17 15:23:40,138 | INFO | Job status: IN_PROGRESS. Sleeping 5s...
2025-07-17 15:23:55,606 | INFO | Got all blocks: 7114
2025-07-17 15:23:56,014 | INFO | Saved full raw Textract JSON to ../outputs\vplow\text-detection.json
2025-07-17 15:23:56,018 | INFO | Extracted 934 lines to CSV: ../outputs\vplow\text-detection.csv
2025-07-17 15:23:56,464 | INFO | Textract ANALYZE job started. JobId: 1de8b43c2dfa2f4aa6884b1cce425ac8aafc159d7bce54292326d13fa0df9c83
2025-07-17 15:23:56,747 | INFO | Job status: IN_PROGRESS. Sleeping 5s...
2025-07-17 15:24:02,030 | INFO | Job status: IN_PROGRESS. Sleeping 5s...
2025-07-17 15:24:07,312 | INFO | Job status: IN_PROGRESS. Sleeping 5s...
2025-07-17 15:24:12,594 | INFO | Job status: IN_PROGRESS. Sleeping 5s...
2025-07-17 15:24:27,508 | INFO | Got 7643 blocks from analysis.
2025-07-17 15:24:27,913 | INFO | Saved analyze raw JSON to ../outputs\vplow\document-analysis.json
2025-07-17 15:24:27,917 | INFO | Extracted 211 form key-value pairs to ../outputs\vplow\forms.csv
2025-07-17 15:24:27,920 | INFO | Extracted table 1 to ../outputs\vplow\table_1.md (Markdown)
2025-07-17 15:24:27,926 | INFO | Extracted table 2 to ../outputs\vplow\table_2.md (Markdown)
2025-07-17 15:24:27,927 | INFO | Extracted table 3 to ../outputs\vplow\table_3.md (Markdown)
2025-07-17 15:24:27,927 | INFO | Extracted table 4 to ../outputs\vplow\table_4.md (Markdown)
2025-07-17 15:24:27,928 | INFO | Extracted table 5 to ../outputs\vplow\table_5.md (Markdown)
2025-07-17 15:24:27,928 | INFO | \u2705 All analysis complete. Output folder: ../outputs\vplow
